<?xml version="1.0" encoding="UTF-8"?>
<TestRun id="3c9dc8aa-1d28-48a4-aed0-538c32a5f2c7" name="Ken@KENDELLDESKTOP 2011-05-03 07:45:49" runUser="KenDellDesktop\Ken" xmlns="http://microsoft.com/schemas/VisualStudio/TeamTest/2010">
  <TestSettings name="Local" id="4b596b84-9ba7-4697-82ea-401f5518242a">
    <Description>These are default test settings for a local test run.</Description>
    <Deployment enabled="false" runDeploymentRoot="Ken_KENDELLDESKTOP 2011-05-03 07_45_49" />
    <Execution>
      <TestTypeSpecific />
      <AgentRule name="Execution Agents">
      </AgentRule>
    </Execution>
  </TestSettings>
  <Times creation="2011-05-03T07:45:49.6314946-04:00" queuing="2011-05-03T07:45:49.9055103-04:00" start="2011-05-03T07:45:50.0505186-04:00" finish="2011-05-03T07:45:50.2065275-04:00" />
  <ResultSummary outcome="Completed">
    <Counters total="1" executed="1" passed="1" error="0" failed="0" timeout="0" aborted="0" inconclusive="0" passedButRunAborted="0" notRunnable="0" notExecuted="0" disconnected="0" warning="0" completed="0" inProgress="0" pending="0" />
  </ResultSummary>
  <TestDefinitions>
    <UnitTest name="TestMethod1" storage="c:\users\ken\designpatterns\headdesignpatterns\bin\debug\headfirstdesignpatterns.dll" id="128e1158-f02c-0a92-5b1d-013e042c4409">
      <Execution timeOut="1800000" id="304b9460-f02c-4bdf-bd81-0e919a2245ec" />
      <TestMethod codeBase="C:/Users/Ken/DesignPatterns/HeadDesignPatterns/bin/Debug/HeadFirstDesignPatterns.DLL" adapterTypeName="Microsoft.VisualStudio.TestTools.TestTypes.Unit.UnitTestAdapter, Microsoft.VisualStudio.QualityTools.Tips.UnitTest.Adapter, Version=10.0.0.0, Culture=neutral, PublicKeyToken=b03f5f7f11d50a3a" className="HeadFirstDesignPatterns.ChapterOne.ChapterOneTests, HeadFirstDesignPatterns, Version=1.0.0.0, Culture=neutral, PublicKeyToken=null" name="TestMethod1" />
    </UnitTest>
  </TestDefinitions>
  <TestLists>
    <TestList name="Results Not in a List" id="8c84fa94-04c1-424b-9868-57a2d4851a1d" />
    <TestList name="All Loaded Results" id="19431567-8539-422a-85d7-44ee4e166bda" />
  </TestLists>
  <TestEntries>
    <TestEntry testId="128e1158-f02c-0a92-5b1d-013e042c4409" executionId="304b9460-f02c-4bdf-bd81-0e919a2245ec" testListId="8c84fa94-04c1-424b-9868-57a2d4851a1d" />
  </TestEntries>
  <Results>
    <UnitTestResult executionId="304b9460-f02c-4bdf-bd81-0e919a2245ec" testId="128e1158-f02c-0a92-5b1d-013e042c4409" testName="TestMethod1" computerName="KENDELLDESKTOP" duration="00:00:00.0122652" startTime="2011-05-03T07:45:50.0865206-04:00" endTime="2011-05-03T07:45:50.1465240-04:00" testType="13cdc9d9-ddb5-4fa4-a97d-d965ccfc6d4b" outcome="Passed" testListId="8c84fa94-04c1-424b-9868-57a2d4851a1d" relativeResultsDirectory="304b9460-f02c-4bdf-bd81-0e919a2245ec">
      <Output>
        <StdOut>QUACK!
I'm flying!
I can't fly!
I'm flying with a rocket!</StdOut>
      </Output>
    </UnitTestResult>
  </Results>
</TestRun>