<?xml version="1.0" encoding="UTF-8"?>
<TestRun id="3a5fddda-d857-4264-93db-1110ad2792dd" name="Ken@KENDELLDESKTOP 2011-05-14 16:50:50" runUser="KenDellDesktop\Ken" xmlns="http://microsoft.com/schemas/VisualStudio/TeamTest/2010">
  <TestSettings name="Default Test Settings" id="a4c7fd46-6e86-48e8-a5ad-b714d0614f9e">
    <Execution>
      <TestTypeSpecific />
      <AgentRule name="Execution Agents">
      </AgentRule>
    </Execution>
    <Deployment runDeploymentRoot="Ken_KENDELLDESKTOP 2011-05-14 16_50_50" />
  </TestSettings>
  <Times creation="2011-05-14T16:50:50.8051883-04:00" queuing="2011-05-14T16:50:51.2182119-04:00" start="2011-05-14T16:50:51.3682205-04:00" finish="2011-05-14T16:50:51.5232294-04:00" />
  <ResultSummary outcome="Completed">
    <Counters total="1" executed="1" passed="1" error="0" failed="0" timeout="0" aborted="0" inconclusive="0" passedButRunAborted="0" notRunnable="0" notExecuted="0" disconnected="0" warning="0" completed="0" inProgress="0" pending="0" />
  </ResultSummary>
  <TestDefinitions>
    <UnitTest name="TestMethod1" storage="c:\users\ken\designpatterns\headdesignpatterns\bin\debug\headfirstdesignpatterns.dll" id="1d92a043-9ff5-2909-96e9-ea50e0dac5a4">
      <Execution timeOut="1800000" id="692b5066-2a9f-4335-9fe7-631d7e0af6fe" />
      <TestMethod codeBase="C:/Users/Ken/DesignPatterns/HeadDesignPatterns/bin/Debug/HeadFirstDesignPatterns.DLL" adapterTypeName="Microsoft.VisualStudio.TestTools.TestTypes.Unit.UnitTestAdapter, Microsoft.VisualStudio.QualityTools.Tips.UnitTest.Adapter, Version=10.0.0.0, Culture=neutral, PublicKeyToken=b03f5f7f11d50a3a" className="HeadFirstDesignPatterns.Characters.CharacterTest, HeadFirstDesignPatterns, Version=1.0.0.0, Culture=neutral, PublicKeyToken=null" name="TestMethod1" />
    </UnitTest>
  </TestDefinitions>
  <TestLists>
    <TestList name="Results Not in a List" id="8c84fa94-04c1-424b-9868-57a2d4851a1d" />
    <TestList name="All Loaded Results" id="19431567-8539-422a-85d7-44ee4e166bda" />
  </TestLists>
  <TestEntries>
    <TestEntry testId="1d92a043-9ff5-2909-96e9-ea50e0dac5a4" executionId="692b5066-2a9f-4335-9fe7-631d7e0af6fe" testListId="8c84fa94-04c1-424b-9868-57a2d4851a1d" />
  </TestEntries>
  <Results>
    <UnitTestResult executionId="692b5066-2a9f-4335-9fe7-631d7e0af6fe" testId="1d92a043-9ff5-2909-96e9-ea50e0dac5a4" testName="TestMethod1" computerName="KENDELLDESKTOP" duration="00:00:00.0111931" startTime="2011-05-14T16:50:51.4062227-04:00" endTime="2011-05-14T16:50:51.4652261-04:00" testType="13cdc9d9-ddb5-4fa4-a97d-d965ccfc6d4b" outcome="Passed" testListId="8c84fa94-04c1-424b-9868-57a2d4851a1d" relativeResultsDirectory="692b5066-2a9f-4335-9fe7-631d7e0af6fe">
      <Output>
        <StdOut>King Fighting...
Using a knife 1D4 damage!</StdOut>
      </Output>
    </UnitTestResult>
  </Results>
</TestRun>